<?xml version="1.0" encoding="UTF-8"?>
<testng-results ignored="0" total="1" passed="1" failed="0" skipped="0">
  <reporter-output>
  </reporter-output>
  <suite started-at="2023-06-28T16:32:32Z" name="Default suite" finished-at="2023-06-28T16:32:42Z" duration-ms="10103">
    <groups>
      <group name="cucumber">
        <method signature="AbstractTestNGCucumberTests.runScenario(cucumber.api.testng.PickleEventWrapper, cucumber.api.testng.CucumberFeatureWrapper)[pri:0, instance:testRunner.ElementRunner@7d446ed1]" name="runScenario" class="cucumber.api.testng.AbstractTestNGCucumberTests"/>
      </group> <!-- cucumber -->
    </groups>
    <test started-at="2023-06-28T16:32:32Z" name="Default test" finished-at="2023-06-28T16:32:42Z" duration-ms="10103">
      <class name="testRunner.ElementRunner">
        <test-method is-config="true" signature="setUpClass()[pri:0, instance:testRunner.ElementRunner@7d446ed1]" started-at="2023-06-28T16:32:32Z" name="setUpClass" finished-at="2023-06-28T16:32:33Z" duration-ms="499" status="PASS">
          <reporter-output>
          </reporter-output>
        </test-method> <!-- setUpClass -->
        <test-method signature="runScenario(cucumber.api.testng.PickleEventWrapper, cucumber.api.testng.CucumberFeatureWrapper)[pri:0, instance:testRunner.ElementRunner@7d446ed1]" started-at="2023-06-28T16:32:33Z" name="runScenario" description="Runs Cucumber Scenarios" data-provider="scenarios" finished-at="2023-06-28T16:32:42Z" duration-ms="9199" status="PASS">
          <params>
            <param index="0">
              <value>
                <![CDATA["Verify Radio Button element functions"]]>
              </value>
            </param>
            <param index="1">
              <value>
                <![CDATA["Check Elements"]]>
              </value>
            </param>
          </params>
          <reporter-output>
          </reporter-output>
        </test-method> <!-- runScenario -->
        <test-method is-config="true" signature="tearDownClass()[pri:0, instance:testRunner.ElementRunner@7d446ed1]" started-at="2023-06-28T16:32:42Z" name="tearDownClass" finished-at="2023-06-28T16:32:42Z" duration-ms="358" status="PASS">
          <reporter-output>
          </reporter-output>
        </test-method> <!-- tearDownClass -->
      </class> <!-- testRunner.ElementRunner -->
    </test> <!-- Default test -->
  </suite> <!-- Default suite -->
</testng-results>
